
Dec 16, 2022 15:53:18.317 NEW SESSION
Dec 16, 2022 15:53:18.317 [7784:4412:1216/155318.314:ERROR:device_event_log_impl.cc(215)] [15:53:18.313] USB: usb_device_handle_win.cc:1045 Failed to read descriptor from node connection: A device attached to the system is not functioning. (0x1F)
Dec 16, 2022 15:53:20.297 [7784:4180:1216/155320.297:ERROR:connection_factory_impl.cc(427)] Failed to connect to MCS endpoint with error -106
Dec 16, 2022 15:53:47.467 [7784:4180:1216/155347.467:ERROR:connection_factory_impl.cc(427)] Failed to connect to MCS endpoint with error -106
Dec 16, 2022 15:54:14.438 [7784:11044:1216/155414.438:ERROR:util.cc(133)] Can't create base directory: C:\Program Files\Google\GoogleUpdater
Dec 16, 2022 15:54:44.422 [7784:4180:1216/155444.422:ERROR:connection_factory_impl.cc(427)] Failed to connect to MCS endpoint with error -106
Dec 16, 2022 15:56:08.520 [7784:4180:1216/155608.520:ERROR:connection_factory_impl.cc(427)] Failed to connect to MCS endpoint with error -106
Dec 16, 2022 16:00:05.401 [7784:4412:1216/160005.400:ERROR:CONSOLE(1)] "Session is unregistering, can't dispatch pending call to DOM.getDocument", source: devtools://devtools/bundled/devtools-frontend/front_end/core/sdk/sdk.js (1)
Dec 16, 2022 16:00:07.877 [7784:4180:1216/160007.877:ERROR:connection_factory_impl.cc(427)] Failed to connect to MCS endpoint with error -106
Dec 16, 2022 16:02:42.713 [7784:4412:1216/160242.713:ERROR:CONSOLE(1)] "Session is unregistering, can't dispatch pending call to DOM.getDocument", source: devtools://devtools/bundled/devtools-frontend/front_end/core/sdk/sdk.js (1)
Dec 16, 2022 16:03:15.15 [7784:4412:1216/160315.014:ERROR:CONSOLE(1)] "Session is unregistering, can't dispatch pending call to DOM.getDocument", source: devtools://devtools/bundled/devtools-frontend/front_end/core/sdk/sdk.js (1)
Dec 16, 2022 16:05:37.661 [7784:4180:1216/160537.661:ERROR:connection_factory_impl.cc(427)] Failed to connect to MCS endpoint with error -106
Dec 16, 2022 16:15:37.678 [7784:4180:1216/161537.678:ERROR:connection_factory_impl.cc(427)] Failed to connect to MCS endpoint with error -106
Dec 16, 2022 16:25:37.690 [7784:4180:1216/162537.690:ERROR:connection_factory_impl.cc(427)] Failed to connect to MCS endpoint with error -106
Dec 16, 2022 16:35:06.610 [7784:4180:1216/163506.610:ERROR:connection_factory_impl.cc(427)] Failed to connect to MCS endpoint with error -105

Dec 17, 2022 20:34:59.597 NEW SESSION
Dec 17, 2022 20:34:59.597 [14584:4120:1217/203459.594:ERROR:device_event_log_impl.cc(215)] [20:34:59.594] USB: usb_device_handle_win.cc:1045 Failed to read descriptor from node connection: A device attached to the system is not functioning. (0x1F)
Dec 17, 2022 20:34:59.641 [14584:7812:1217/203459.641:ERROR:connection_factory_impl.cc(427)] Failed to connect to MCS endpoint with error -106
Dec 17, 2022 20:35:19.988 [14584:7812:1217/203519.988:ERROR:connection_factory_impl.cc(427)] Failed to connect to MCS endpoint with error -106
Dec 17, 2022 20:35:55.558 [14584:8176:1217/203555.558:ERROR:util.cc(133)] Can't create base directory: C:\Program Files\Google\GoogleUpdater
Dec 17, 2022 20:36:02.281 [14584:7812:1217/203602.281:ERROR:connection_factory_impl.cc(427)] Failed to connect to MCS endpoint with error -106
Dec 17, 2022 20:37:30.719 [14584:7812:1217/203730.719:ERROR:connection_factory_impl.cc(427)] Failed to connect to MCS endpoint with error -106
Dec 17, 2022 20:40:22.122 [14584:7812:1217/204022.122:ERROR:connection_factory_impl.cc(427)] Failed to connect to MCS endpoint with error -106
Dec 17, 2022 20:45:59.851 [14584:7812:1217/204559.851:ERROR:connection_factory_impl.cc(427)] Failed to connect to MCS endpoint with error -106
Dec 17, 2022 20:55:59.927 [14584:7812:1217/205559.927:ERROR:connection_factory_impl.cc(427)] Failed to connect to MCS endpoint with error -106
Dec 17, 2022 20:59:23.880 [14584:7812:1217/205923.880:ERROR:connection_factory_impl.cc(427)] Failed to connect to MCS endpoint with error -106
Dec 17, 2022 21:00:55.04 [14584:7812:1217/210055.003:ERROR:connection_factory_impl.cc(427)] Failed to connect to MCS endpoint with error -105
Dec 17, 2022 21:08:14.217 [14584:4120:1217/210814.216:ERROR:CONSOLE(1)] "Session is unregistering, can't dispatch pending call to DOM.getDocument", source: devtools://devtools/bundled/devtools-frontend/front_end/core/sdk/sdk.js (1)
Dec 17, 2022 21:08:50.182 [14584:4120:1217/210850.182:ERROR:CONSOLE(1)] "Session is unregistering, can't dispatch pending call to DOM.getDocument", source: devtools://devtools/bundled/devtools-frontend/front_end/core/sdk/sdk.js (1)
Dec 17, 2022 21:09:12.506 [14584:4120:1217/210912.506:ERROR:CONSOLE(1)] "Session is unregistering, can't dispatch pending call to DOM.getDocument", source: devtools://devtools/bundled/devtools-frontend/front_end/core/sdk/sdk.js (1)
Dec 17, 2022 21:12:48.547 [14584:4120:1217/211248.547:ERROR:CONSOLE(1)] "Invalid 'X-Frame-Options' header encountered when loading 'https://ogs.google.com/': 'ALLOW-FROM chrome-untrusted://new-tab-page' is not a recognized directive. The header will be ignored.", source: https://ogs.google.com/u/0/widget/app?origin=chrome-untrusted%3A%2F%2Fnew-tab-page&origin=chrome%3A%2F%2Fnew-tab-page&cn=app&pid=1&spid=243&hl=en-GB&dm= (1)
Dec 17, 2022 21:16:15.65 [14584:4120:1217/211615.065:ERROR:CONSOLE(1)] "Session is unregistering, can't dispatch pending call to DOM.getDocument", source: devtools://devtools/bundled/devtools-frontend/front_end/core/sdk/sdk.js (1)

Dec 18, 2022 09:28:19.860 NEW SESSION
Dec 18, 2022 09:28:19.860 [9976:10304:1218/092819.860:ERROR:device_event_log_impl.cc(215)] [09:28:19.856] USB: usb_device_handle_win.cc:1045 Failed to read descriptor from node connection: A device attached to the system is not functioning. (0x1F)
Dec 18, 2022 09:29:45.277 [1068:6952:1218/092945.276:ERROR:device_event_log_impl.cc(215)] [09:29:45.276] USB: usb_device_handle_win.cc:1045 Failed to read descriptor from node connection: A device attached to the system is not functioning. (0x1F)
Dec 18, 2022 09:30:40.974 [1068:11620:1218/093040.974:ERROR:util.cc(133)] Can't create base directory: C:\Program Files\Google\GoogleUpdater
Dec 18, 2022 09:45:57.132 [1068:7252:1218/094557.131:ERROR:connection_factory_impl.cc(472)] ConnectionHandler failed with net error: -2
Dec 18, 2022 12:45:59.149 [1068:6952:1218/124559.149:ERROR:device_event_log_impl.cc(215)] [12:45:59.149] USB: usb_service_win.cc:104 SetupDiGetDeviceProperty({{A45C254E-DF1C-4EFD-8020-67D146A850E0}, 6}) failed: Element not found. (0x490)
Dec 18, 2022 12:56:35.360 [1068:7252:1218/125635.359:ERROR:connection_factory_impl.cc(427)] Failed to connect to MCS endpoint with error -106

Dec 19, 2022 10:08:02.854 NEW SESSION
Dec 19, 2022 10:08:02.854 [16064:14136:1219/100802.850:ERROR:device_event_log_impl.cc(215)] [10:08:02.849] USB: usb_device_handle_win.cc:1045 Failed to read descriptor from node connection: A device attached to the system is not functioning. (0x1F)
Dec 19, 2022 10:11:22.334 [14640:15516:1219/101122.334:ERROR:device_event_log_impl.cc(215)] [10:11:22.334] USB: usb_device_handle_win.cc:1045 Failed to read descriptor from node connection: A device attached to the system is not functioning. (0x1F)

Dec 19, 2022 16:04:13.389 NEW SESSION
Dec 19, 2022 16:04:13.390 [10312:8144:1219/160413.384:ERROR:device_event_log_impl.cc(215)] [16:04:13.385] USB: usb_device_handle_win.cc:1045 Failed to read descriptor from node connection: A device attached to the system is not functioning. (0x1F)
Dec 19, 2022 16:04:13.420 [10312:6548:1219/160413.419:ERROR:connection_factory_impl.cc(427)] Failed to connect to MCS endpoint with error -106
Dec 19, 2022 16:04:42.156 [10312:6548:1219/160442.156:ERROR:connection_factory_impl.cc(427)] Failed to connect to MCS endpoint with error -106
Dec 19, 2022 16:05:10.453 [10312:7864:1219/160510.452:ERROR:util.cc(133)] Can't create base directory: C:\Program Files\Google\GoogleUpdater
Dec 19, 2022 16:05:31.524 [10312:6548:1219/160531.524:ERROR:connection_factory_impl.cc(427)] Failed to connect to MCS endpoint with error -106
Dec 19, 2022 16:07:14.116 [10312:6548:1219/160714.115:ERROR:connection_factory_impl.cc(427)] Failed to connect to MCS endpoint with error -106
Dec 19, 2022 16:10:33.558 [10312:6548:1219/161033.558:ERROR:connection_factory_impl.cc(427)] Failed to connect to MCS endpoint with error -106
Dec 19, 2022 16:11:10.609 [10312:8144:1219/161110.608:ERROR:CONSOLE(1)] "Session is unregistering, can't dispatch pending call to DOM.getDocument", source: devtools://devtools/bundled/devtools-frontend/front_end/core/sdk/sdk.js (1)
Dec 19, 2022 16:15:41.129 [10312:8144:1219/161541.128:ERROR:CONSOLE(1)] "Session is unregistering, can't dispatch pending call to DOM.getDocument", source: devtools://devtools/bundled/devtools-frontend/front_end/core/sdk/sdk.js (1)
Dec 19, 2022 16:18:10.438 [10312:6548:1219/161810.438:ERROR:connection_factory_impl.cc(427)] Failed to connect to MCS endpoint with error -106
Dec 19, 2022 16:27:09.116 [10312:8144:1219/162709.116:ERROR:device_event_log_impl.cc(215)] [16:27:08.958] USB: usb_service_win.cc:104 SetupDiGetDeviceProperty({{A45C254E-DF1C-4EFD-8020-67D146A850E0}, 6}) failed: Element not found. (0x490)
Dec 19, 2022 16:27:09.140 [10312:6548:1219/162709.140:ERROR:connection_factory_impl.cc(427)] Failed to connect to MCS endpoint with error -106
Dec 19, 2022 16:37:09.185 [10312:6548:1219/163709.184:ERROR:connection_factory_impl.cc(427)] Failed to connect to MCS endpoint with error -106
Dec 19, 2022 16:45:08.999 [10312:8144:1219/164508.987:ERROR:CONSOLE(1)] "Session is unregistering, can't dispatch pending call to DOM.getDocument", source: devtools://devtools/bundled/devtools-frontend/front_end/core/sdk/sdk.js (1)
Dec 19, 2022 16:46:53.464 [10312:8144:1219/164653.464:ERROR:CONSOLE(1)] "Session is unregistering, can't dispatch pending call to DOM.getDocument", source: devtools://devtools/bundled/devtools-frontend/front_end/core/sdk/sdk.js (1)
Dec 19, 2022 16:47:09.202 [10312:6548:1219/164709.201:ERROR:connection_factory_impl.cc(427)] Failed to connect to MCS endpoint with error -106
Dec 19, 2022 16:57:09.224 [10312:6548:1219/165709.223:ERROR:connection_factory_impl.cc(427)] Failed to connect to MCS endpoint with error -106
Dec 19, 2022 17:07:09.241 [10312:6548:1219/170709.240:ERROR:connection_factory_impl.cc(427)] Failed to connect to MCS endpoint with error -106
Dec 19, 2022 17:15:15.313 [20344:6620:1219/171515.313:ERROR:device_event_log_impl.cc(215)] [17:15:15.313] USB: usb_device_handle_win.cc:1045 Failed to read descriptor from node connection: A device attached to the system is not functioning. (0x1F)
Dec 19, 2022 17:15:15.345 [20344:16020:1219/171515.344:ERROR:connection_factory_impl.cc(427)] Failed to connect to MCS endpoint with error -106
Dec 19, 2022 17:15:42.447 [20344:16020:1219/171542.446:ERROR:connection_factory_impl.cc(427)] Failed to connect to MCS endpoint with error -106
Dec 19, 2022 17:16:11.923 [20344:6544:1219/171611.922:ERROR:util.cc(133)] Can't create base directory: C:\Program Files\Google\GoogleUpdater
Dec 19, 2022 17:16:42.37 [20344:16020:1219/171642.037:ERROR:connection_factory_impl.cc(427)] Failed to connect to MCS endpoint with error -106
Dec 19, 2022 17:18:14.751 [20344:16020:1219/171814.750:ERROR:connection_factory_impl.cc(427)] Failed to connect to MCS endpoint with error -106
Dec 19, 2022 17:21:27.512 [20344:16020:1219/172127.512:ERROR:connection_factory_impl.cc(427)] Failed to connect to MCS endpoint with error -106
Dec 19, 2022 17:27:52.361 [20344:16020:1219/172752.361:ERROR:connection_factory_impl.cc(427)] Failed to connect to MCS endpoint with error -106
Dec 19, 2022 17:37:52.375 [20344:16020:1219/173752.375:ERROR:connection_factory_impl.cc(427)] Failed to connect to MCS endpoint with error -106
Dec 19, 2022 17:47:52.390 [20344:16020:1219/174752.390:ERROR:connection_factory_impl.cc(427)] Failed to connect to MCS endpoint with error -106

Dec 20, 2022 16:01:36.150 NEW SESSION
Dec 20, 2022 16:01:36.150 [7032:4016:1220/160136.148:ERROR:device_event_log_impl.cc(215)] [16:01:36.148] USB: usb_device_handle_win.cc:1045 Failed to read descriptor from node connection: A device attached to the system is not functioning. (0x1F)
Dec 20, 2022 16:01:39.590 [7032:9228:1220/160139.590:ERROR:connection_factory_impl.cc(427)] Failed to connect to MCS endpoint with error -106
Dec 20, 2022 16:12:27.957 [8416:4804:1220/161227.957:ERROR:device_event_log_impl.cc(215)] [16:12:27.957] USB: usb_device_handle_win.cc:1045 Failed to read descriptor from node connection: A device attached to the system is not functioning. (0x1F)
Dec 20, 2022 16:12:28.53 [8416:12784:1220/161228.052:ERROR:connection_factory_impl.cc(427)] Failed to connect to MCS endpoint with error -106
Dec 20, 2022 16:12:51.17 [8416:12784:1220/161251.016:ERROR:connection_factory_impl.cc(427)] Failed to connect to MCS endpoint with error -106
Dec 20, 2022 16:13:24.124 [8416:1104:1220/161324.123:ERROR:util.cc(133)] Can't create base directory: C:\Program Files\Google\GoogleUpdater
Dec 20, 2022 16:13:39.836 [8416:12784:1220/161339.836:ERROR:connection_factory_impl.cc(427)] Failed to connect to MCS endpoint with error -106
Dec 20, 2022 16:15:00.688 [8416:12784:1220/161500.687:ERROR:connection_factory_impl.cc(427)] Failed to connect to MCS endpoint with error -106
Dec 20, 2022 16:18:50.790 [8416:12784:1220/161850.790:ERROR:connection_factory_impl.cc(427)] Failed to connect to MCS endpoint with error -106
Dec 20, 2022 16:24:40.350 [8416:12784:1220/162440.349:ERROR:connection_factory_impl.cc(427)] Failed to connect to MCS endpoint with error -106
Dec 20, 2022 16:34:40.366 [8416:12784:1220/163440.365:ERROR:connection_factory_impl.cc(427)] Failed to connect to MCS endpoint with error -106
Dec 20, 2022 16:44:40.387 [8416:12784:1220/164440.386:ERROR:connection_factory_impl.cc(427)] Failed to connect to MCS endpoint with error -106

Dec 28, 2022 09:13:17.328 NEW SESSION
Dec 28, 2022 09:13:17.328 [4364:2008:1228/091317.325:ERROR:device_event_log_impl.cc(215)] [09:13:17.324] USB: usb_device_handle_win.cc:1045 Failed to read descriptor from node connection: A device attached to the system is not functioning. (0x1F)
Dec 28, 2022 09:13:18.321 [4364:1444:1228/091318.321:ERROR:connection_factory_impl.cc(427)] Failed to connect to MCS endpoint with error -106
Dec 28, 2022 09:13:41.421 [4364:1444:1228/091341.420:ERROR:connection_factory_impl.cc(427)] Failed to connect to MCS endpoint with error -106
Dec 28, 2022 09:43:30.813 [12872:8000:1228/094330.813:ERROR:device_event_log_impl.cc(215)] [09:43:30.816] USB: usb_device_handle_win.cc:1045 Failed to read descriptor from node connection: A device attached to the system is not functioning. (0x1F)
Dec 28, 2022 09:43:30.867 [12872:8856:1228/094330.867:ERROR:connection_factory_impl.cc(427)] Failed to connect to MCS endpoint with error -106
Dec 28, 2022 09:43:53.729 [12872:8856:1228/094353.729:ERROR:connection_factory_impl.cc(427)] Failed to connect to MCS endpoint with error -106
Dec 28, 2022 09:44:25.493 [12872:8432:1228/094425.493:ERROR:util.cc(133)] Can't create base directory: C:\Program Files\Google\GoogleUpdater
Dec 28, 2022 09:44:40.555 [12872:8856:1228/094440.555:ERROR:connection_factory_impl.cc(427)] Failed to connect to MCS endpoint with error -106
Dec 28, 2022 09:46:31.296 [12872:8856:1228/094631.296:ERROR:connection_factory_impl.cc(427)] Failed to connect to MCS endpoint with error -106
Dec 28, 2022 09:49:37.446 [12872:8856:1228/094937.446:ERROR:connection_factory_impl.cc(427)] Failed to connect to MCS endpoint with error -106
Dec 28, 2022 09:52:44.533 [12872:8000:1228/095244.532:ERROR:CONSOLE(1)] "Session is unregistering, can't dispatch pending call to DOM.getDocument", source: devtools://devtools/bundled/devtools-frontend/front_end/core/sdk/sdk.js (1)
Dec 28, 2022 09:54:01.560 [12872:8000:1228/095401.560:ERROR:CONSOLE(1)] "Session is unregistering, can't dispatch pending call to DOM.getDocument", source: devtools://devtools/bundled/devtools-frontend/front_end/core/sdk/sdk.js (1)
Dec 28, 2022 09:54:23.986 [12872:8000:1228/095423.986:ERROR:CONSOLE(1)] "Session is unregistering, can't dispatch pending call to DOM.getDocument", source: devtools://devtools/bundled/devtools-frontend/front_end/core/sdk/sdk.js (1)
Dec 28, 2022 09:54:49.189 [12872:8000:1228/095449.188:ERROR:CONSOLE(1)] "Session is unregistering, can't dispatch pending call to DOM.getDocument", source: devtools://devtools/bundled/devtools-frontend/front_end/core/sdk/sdk.js (1)
Dec 28, 2022 09:57:05.864 [12872:8856:1228/095705.864:ERROR:connection_factory_impl.cc(427)] Failed to connect to MCS endpoint with error -106

Dec 28, 2022 15:46:37.541 NEW SESSION
Dec 28, 2022 15:46:37.541 [8180:8152:1228/154637.533:ERROR:device_event_log_impl.cc(215)] [15:46:37.539] USB: usb_device_handle_win.cc:1045 Failed to read descriptor from node connection: A device attached to the system is not functioning. (0x1F)
Dec 28, 2022 15:46:38.451 [8180:8896:1228/154638.451:ERROR:connection_factory_impl.cc(427)] Failed to connect to MCS endpoint with error -106
Dec 28, 2022 15:47:02.295 [8180:8896:1228/154702.295:ERROR:connection_factory_impl.cc(427)] Failed to connect to MCS endpoint with error -106
Dec 28, 2022 15:47:32.862 [8180:6836:1228/154732.861:ERROR:util.cc(133)] Can't create base directory: C:\Program Files\Google\GoogleUpdater
Dec 28, 2022 15:47:57.989 [8180:8896:1228/154757.989:ERROR:connection_factory_impl.cc(427)] Failed to connect to MCS endpoint with error -106
Dec 28, 2022 15:48:27.973 [12604:10052:1228/154827.973:ERROR:device_event_log_impl.cc(215)] [15:48:27.973] USB: usb_device_handle_win.cc:1045 Failed to read descriptor from node connection: A device attached to the system is not functioning. (0x1F)
Dec 28, 2022 15:48:28.548 [12604:3472:1228/154828.548:ERROR:connection_factory_impl.cc(427)] Failed to connect to MCS endpoint with error -106
Dec 28, 2022 15:48:54.770 [12604:3472:1228/154854.769:ERROR:connection_factory_impl.cc(427)] Failed to connect to MCS endpoint with error -106
Dec 28, 2022 15:49:24.448 [12604:12972:1228/154924.447:ERROR:util.cc(133)] Can't create base directory: C:\Program Files\Google\GoogleUpdater
Dec 28, 2022 15:49:41.488 [12604:3472:1228/154941.487:ERROR:connection_factory_impl.cc(427)] Failed to connect to MCS endpoint with error -106
Dec 28, 2022 15:51:14.207 [12604:3472:1228/155114.207:ERROR:connection_factory_impl.cc(427)] Failed to connect to MCS endpoint with error -106
Dec 28, 2022 15:54:11.385 [12604:3472:1228/155411.385:ERROR:connection_factory_impl.cc(427)] Failed to connect to MCS endpoint with error -106
Dec 28, 2022 16:01:50.356 [12604:3472:1228/160150.356:ERROR:connection_factory_impl.cc(427)] Failed to connect to MCS endpoint with error -106
Dec 28, 2022 16:24:58.858 [6692:4456:1228/162458.858:ERROR:device_event_log_impl.cc(215)] [16:24:58.858] USB: usb_device_handle_win.cc:1045 Failed to read descriptor from node connection: A device attached to the system is not functioning. (0x1F)
Dec 28, 2022 16:24:59.686 [6692:9276:1228/162459.686:ERROR:connection_factory_impl.cc(427)] Failed to connect to MCS endpoint with error -106
Dec 28, 2022 16:25:23.169 [6692:9276:1228/162523.169:ERROR:connection_factory_impl.cc(427)] Failed to connect to MCS endpoint with error -106
Dec 28, 2022 16:25:54.568 [6692:7408:1228/162554.567:ERROR:util.cc(133)] Can't create base directory: C:\Program Files\Google\GoogleUpdater
Dec 28, 2022 16:26:07.472 [6692:9276:1228/162607.471:ERROR:connection_factory_impl.cc(427)] Failed to connect to MCS endpoint with error -106
Dec 28, 2022 16:27:42.817 [6692:9276:1228/162742.816:ERROR:connection_factory_impl.cc(427)] Failed to connect to MCS endpoint with error -106
Dec 28, 2022 16:30:39.687 [6692:9276:1228/163039.687:ERROR:connection_factory_impl.cc(427)] Failed to connect to MCS endpoint with error -106
Dec 28, 2022 16:36:03.172 [6692:9276:1228/163603.103:ERROR:connection_factory_impl.cc(427)] Failed to connect to MCS endpoint with error -106
Dec 28, 2022 16:37:03.205 [6692:4456:1228/163703.205:ERROR:device_event_log_impl.cc(215)] [16:37:03.208] USB: usb_service_win.cc:104 SetupDiGetDeviceProperty({{A45C254E-DF1C-4EFD-8020-67D146A850E0}, 6}) failed: Element not found. (0x490)
Dec 28, 2022 16:37:06.172 [6692:4456:1228/163706.171:ERROR:device_event_log_impl.cc(215)] [16:37:06.171] USB: usb_service_win.cc:104 SetupDiGetDeviceProperty({{A45C254E-DF1C-4EFD-8020-67D146A850E0}, 6}) failed: Element not found. (0x490)
Dec 28, 2022 16:37:06.437 [6692:9276:1228/163706.435:ERROR:connection_factory_impl.cc(427)] Failed to connect to MCS endpoint with error -106
